  Source.cpp
C:\Users\PC\source\repos\pagina-en-blanco\pagina en blanco\Source.cpp(256,30): warning C4244: '=': conversión de 'LRESULT' a 'int'; posible pérdida de datos
C:\Users\PC\source\repos\pagina-en-blanco\pagina en blanco\Source.cpp(259,61): warning C4267: '=': conversión de 'size_t' a 'int'; posible pérdida de datos
C:\Users\PC\source\repos\pagina-en-blanco\pagina en blanco\Source.cpp(260,57): warning C4267: '=': conversión de 'size_t' a 'int'; posible pérdida de datos
C:\Users\PC\source\repos\pagina-en-blanco\pagina en blanco\Source.cpp(261,66): warning C4267: '=': conversión de 'size_t' a 'int'; posible pérdida de datos
C:\Users\PC\source\repos\pagina-en-blanco\pagina en blanco\Source.cpp(536,60): warning C4267: '=': conversión de 'size_t' a 'int'; posible pérdida de datos
C:\Users\PC\source\repos\pagina-en-blanco\pagina en blanco\Source.cpp(539,30): warning C4244: '=': conversión de 'LRESULT' a 'int'; posible pérdida de datos
C:\Users\PC\source\repos\pagina-en-blanco\pagina en blanco\Source.cpp(681,32): warning C4244: '=': conversión de 'LRESULT' a 'int'; posible pérdida de datos
C:\Users\PC\source\repos\pagina-en-blanco\pagina en blanco\Source.cpp(722,30): warning C4244: '=': conversión de 'LRESULT' a 'int'; posible pérdida de datos
C:\Users\PC\source\repos\pagina-en-blanco\pagina en blanco\Source.cpp(745,34): warning C4267: '=': conversión de 'size_t' a 'int'; posible pérdida de datos
C:\Users\PC\source\repos\pagina-en-blanco\pagina en blanco\Source.cpp(798,30): warning C4244: '=': conversión de 'LRESULT' a 'int'; posible pérdida de datos
C:\Users\PC\source\repos\pagina-en-blanco\pagina en blanco\Source.cpp(916,30): warning C4244: '=': conversión de 'LRESULT' a 'int'; posible pérdida de datos
C:\Users\PC\source\repos\pagina-en-blanco\pagina en blanco\Source.cpp(920,57): warning C4267: '=': conversión de 'size_t' a 'int'; posible pérdida de datos
C:\Users\PC\source\repos\pagina-en-blanco\pagina en blanco\Source.cpp(921,66): warning C4267: '=': conversión de 'size_t' a 'int'; posible pérdida de datos
C:\Users\PC\source\repos\pagina-en-blanco\pagina en blanco\Source.cpp(1051,32): warning C4244: '=': conversión de 'LRESULT' a 'int'; posible pérdida de datos
C:\Users\PC\source\repos\pagina-en-blanco\pagina en blanco\Source.cpp(1075,31): warning C4244: '=': conversión de 'LRESULT' a 'int'; posible pérdida de datos
C:\Users\PC\source\repos\pagina-en-blanco\pagina en blanco\Source.cpp(1086,38): warning C4267: '=': conversión de 'size_t' a 'int'; posible pérdida de datos
C:\Users\PC\source\repos\pagina-en-blanco\pagina en blanco\Source.cpp(1201,56): warning C4267: '=': conversión de 'size_t' a 'int'; posible pérdida de datos
C:\Users\PC\source\repos\pagina-en-blanco\pagina en blanco\Source.cpp(1202,54): warning C4267: '=': conversión de 'size_t' a 'int'; posible pérdida de datos
C:\Users\PC\source\repos\pagina-en-blanco\pagina en blanco\Source.cpp(1307,32): warning C4244: '=': conversión de 'LRESULT' a 'int'; posible pérdida de datos
C:\Users\PC\source\repos\pagina-en-blanco\pagina en blanco\Source.cpp(1339,31): warning C4244: '=': conversión de 'LRESULT' a 'int'; posible pérdida de datos
C:\Users\PC\source\repos\pagina-en-blanco\pagina en blanco\Source.cpp(1359,33): warning C4267: '=': conversión de 'size_t' a 'int'; posible pérdida de datos
C:\Users\PC\source\repos\pagina-en-blanco\pagina en blanco\Source.cpp(1403,31): warning C4244: '=': conversión de 'LRESULT' a 'int'; posible pérdida de datos
C:\Users\PC\source\repos\pagina-en-blanco\pagina en blanco\Source.cpp(1514,32): warning C4244: '=': conversión de 'LRESULT' a 'int'; posible pérdida de datos
C:\Users\PC\source\repos\pagina-en-blanco\pagina en blanco\Source.cpp(1565,24): warning C4244: '=': conversión de 'double' a 'float'; posible pérdida de datos
C:\Users\PC\source\repos\pagina-en-blanco\pagina en blanco\Source.cpp(1566,54): warning C4267: '=': conversión de 'size_t' a 'int'; posible pérdida de datos
C:\Users\PC\source\repos\pagina-en-blanco\pagina en blanco\Source.cpp(1571,17): warning C4244: '=': conversión de 'double' a 'float'; posible pérdida de datos
C:\Users\PC\source\repos\pagina-en-blanco\pagina en blanco\Source.cpp(1572,29): warning C4267: '=': conversión de 'size_t' a 'int'; posible pérdida de datos
C:\Users\PC\source\repos\pagina-en-blanco\pagina en blanco\Source.cpp(1623,31): warning C4244: '=': conversión de 'double' a 'float'; posible pérdida de datos
C:\Users\PC\source\repos\pagina-en-blanco\pagina en blanco\Source.cpp(1624,35): warning C4244: '=': conversión de 'double' a 'float'; posible pérdida de datos
C:\Users\PC\source\repos\pagina-en-blanco\pagina en blanco\Source.cpp(1628,44): warning C4244: '=': conversión de 'double' a 'float'; posible pérdida de datos
C:\Users\PC\source\repos\pagina-en-blanco\pagina en blanco\Source.cpp(1646,28): warning C4244: '=': conversión de 'double' a 'float'; posible pérdida de datos
C:\Users\PC\source\repos\pagina-en-blanco\pagina en blanco\Source.cpp(1649,41): warning C4244: '=': conversión de 'double' a 'float'; posible pérdida de datos
C:\Users\PC\source\repos\pagina-en-blanco\pagina en blanco\Source.cpp(1724,17): warning C4244: '=': conversión de 'double' a 'float'; posible pérdida de datos
C:\Users\PC\source\repos\pagina-en-blanco\pagina en blanco\Source.cpp(1725,29): warning C4267: '=': conversión de 'size_t' a 'int'; posible pérdida de datos
C:\Users\PC\source\repos\pagina-en-blanco\pagina en blanco\Source.cpp(1770,30): warning C4244: '=': conversión de 'double' a 'float'; posible pérdida de datos
C:\Users\PC\source\repos\pagina-en-blanco\pagina en blanco\Source.cpp(1771,34): warning C4244: '=': conversión de 'double' a 'float'; posible pérdida de datos
C:\Users\PC\source\repos\pagina-en-blanco\pagina en blanco\Source.cpp(1775,43): warning C4244: '=': conversión de 'double' a 'float'; posible pérdida de datos
C:\Users\PC\source\repos\pagina-en-blanco\pagina en blanco\Source.cpp(1793,27): warning C4244: '=': conversión de 'double' a 'float'; posible pérdida de datos
C:\Users\PC\source\repos\pagina-en-blanco\pagina en blanco\Source.cpp(1796,40): warning C4244: '=': conversión de 'double' a 'float'; posible pérdida de datos
C:\Users\PC\source\repos\pagina-en-blanco\pagina en blanco\Source.cpp(1853,32): warning C4244: '=': conversión de 'LRESULT' a 'int'; posible pérdida de datos
C:\Users\PC\source\repos\pagina-en-blanco\pagina en blanco\Source.cpp(1920,32): warning C4244: '=': conversión de 'LRESULT' a 'int'; posible pérdida de datos
C:\Users\PC\source\repos\pagina-en-blanco\pagina en blanco\Source.cpp(1944,32): warning C4244: '=': conversión de 'LRESULT' a 'int'; posible pérdida de datos
C:\Users\PC\source\repos\pagina-en-blanco\pagina en blanco\Source.cpp(2029,24): warning C4244: '=': conversión de 'double' a 'float'; posible pérdida de datos
C:\Users\PC\source\repos\pagina-en-blanco\pagina en blanco\Source.cpp(2030,20): warning C4244: '=': conversión de 'double' a 'float'; posible pérdida de datos
C:\Users\PC\source\repos\pagina-en-blanco\pagina en blanco\Source.cpp(2031,60): warning C4267: '=': conversión de 'size_t' a 'int'; posible pérdida de datos
C:\Users\PC\source\repos\pagina-en-blanco\pagina en blanco\Source.cpp(2032,58): warning C4267: '=': conversión de 'size_t' a 'int'; posible pérdida de datos
C:\Users\PC\source\repos\pagina-en-blanco\pagina en blanco\Source.cpp(2033,66): warning C4267: '=': conversión de 'size_t' a 'int'; posible pérdida de datos
  pagina en blanco.vcxproj -> C:\Users\PC\source\repos\pagina-en-blanco\x64\Debug\pagina en blanco.exe
